Arguments: 
  C:\Program Files\nodejs\node.exe C:\Users\Softbase\AppData\Roaming\npm\node_modules\yarn\bin\yarn.js express morgan --prefer-offline

PATH: 
  C:\Program Files\Git\mingw64\bin;C:\Program Files\Git\usr\bin;C:\Users\Softbase\bin;C:\ProgramData\Oracle\Java\javapath;C:\Perl\bin;C:\Windows\system32;C:\Windows;C:\Windows\System32\Wbem;C:\Windows\System32\WindowsPowerShell\v1.0;C:\Program Files (x86)\Windows Live\Shared;C:\Program Files (x86)\Microsoft SQL Server\90\Tools\binn;C:\Program Files (x86)\Microsoft SQL Server\100\Tools\Binn;C:\Program Files\Microsoft SQL Server\100\Tools\Binn;C:\Program Files\Microsoft SQL Server\100\DTS\Binn;C:\Program Files (x86)\Microsoft SQL Server\100\Tools\Binn\VSShell\Common7\IDE;C:\Program Files (x86)\Microsoft Visual Studio 9.0\Common7\IDE\PrivateAssemblies;C:\Program Files (x86)\Microsoft SQL Server\100\DTS\Binn;C:\Program Files (x86)\Common Files\Symbian\tools;C:\Program Files (x86)\Windows Kits\8.1\Windows Performance Toolkit;C:\Program Files\Microsoft SQL Server\110\Tools\Binn;C:\Program Files (x86)\Microsoft SDKs\TypeScript\1.0;C:\Program Files\Microsoft SQL Server\120\Tools\Binn;C:\Program Files (x86)\Skype\Phone;C:\Program Files (x86)\Common Files\Intuit\QBPOSSDKRuntime;C:\Program Files\Git\cmd;C:\Users\Softbase\.dnx\bin;C:\Program Files\Microsoft DNX\Dnvm;C:\Program Files\Microsoft SQL Server\130\Tools\Binn;C:\Program Files\nodejs;C:\PostgreSQL\10\include;C:\PostgreSQL\10\bin;C:\Users\Softbase\.windows-build-tools\python27;C:\Users\Softbase\AppData\Roaming\npm\node_modules\npm\node_modules\npm-lifecycle\node-gyp-bin;C:\Users\Softbase\AppData\Roaming\npm\node_modules\windows-build-tools\node_modules\.bin;C:\Users\Softbase\AppData\Roaming\npm\node_modules\.bin;C:\Program Files\Git\mingw64\bin;C:\Program Files\Git\usr\bin;C:\Users\Softbase\bin;C:\Program Files (x86)\Microsoft SQL Server\90\Tools\binn;C:\Users\Softbase\.dnx\bin;C:\Ruby24-x64\bin;C:\Program Files\Microsoft VS Code\bin;C:\Users\Softbase\AppData\Local\Programs\Python\Python36-32;C:\Users\Softbase\AppData\Local\Programs\Python\Python36-32\Scripts;C:\Program Files\Docker Toolbox;C:\mongodb-win32-i386-3.2.17-14-g46c664d\bin;C:\Program Files (x86)\Nmap;C:\Program Files\Heroku\bin;C:\Users\Softbase\AppData\Local\Yarn\bin;C:\Users\Softbase\AppData\Roaming\npm

Yarn version: 
  1.5.1

Node version: 
  8.10.0

Platform: 
  win32 x64

npm manifest: 
  {
    "name": "requestparser-microservice",
    "version": "1.0.0",
    "description": "Parses incoming requests header",
    "main": "index.js",
    "author": "Dikaeinstein",
    "license": "MIT"
  }

yarn manifest: 
  No manifest

Lockfile: 
  No lockfile

Trace: 
  Error: Command "express" not found.
      at new MessageError (C:\Users\Softbase\AppData\Roaming\npm\node_modules\yarn\lib\cli.js:186:110)
      at C:\Users\Softbase\AppData\Roaming\npm\node_modules\yarn\lib\cli.js:87307:17
      at Generator.next (<anonymous>)
      at step (C:\Users\Softbase\AppData\Roaming\npm\node_modules\yarn\lib\cli.js:98:30)
      at C:\Users\Softbase\AppData\Roaming\npm\node_modules\yarn\lib\cli.js:116:14
      at new Promise (<anonymous>)
      at new F (C:\Users\Softbase\AppData\Roaming\npm\node_modules\yarn\lib\cli.js:23451:28)
      at C:\Users\Softbase\AppData\Roaming\npm\node_modules\yarn\lib\cli.js:95:12
      at runCommand (C:\Users\Softbase\AppData\Roaming\npm\node_modules\yarn\lib\cli.js:87312:22)
      at Object.<anonymous> (C:\Users\Softbase\AppData\Roaming\npm\node_modules\yarn\lib\cli.js:87412:14)
